c:\users\михаил\documents\unrealhomework\6\1\проект35\x64\debug\vc140.pdb
c:\users\михаил\documents\unrealhomework\6\1\проект35\x64\debug\vc140.idb
c:\users\михаил\documents\unrealhomework\6\1\проект35\x64\debug\workwithspis.obj
c:\users\михаил\documents\unrealhomework\6\1\проект35\x64\debug\z1-1510.obj
c:\users\михаил\documents\visual studio 2015\projects\homework\6\1\проект35\x64\debug\vc140.pdb
c:\users\михаил\documents\visual studio 2015\projects\homework\6\1\проект35\x64\debug\vc140.idb
c:\users\михаил\documents\visual studio 2015\projects\homework\6\1\проект35\x64\debug\workwithspis.obj
c:\users\михаил\documents\visual studio 2015\projects\homework\6\1\проект35\x64\debug\z1-1510.obj
c:\users\михаил\documents\unrealhomework\6\1\x64\debug\проект35.ilk
c:\users\михаил\documents\unrealhomework\6\1\x64\debug\проект35.exe
c:\users\михаил\documents\unrealhomework\6\1\x64\debug\проект35.pdb
c:\users\михаил\documents\visual studio 2015\projects\homework\6\1\x64\debug\проект35.pdb
c:\users\михаил\documents\visual studio 2015\projects\homework\6\1\проект35\x64\debug\проект35.tlog\cl.command.1.tlog
c:\users\михаил\documents\visual studio 2015\projects\homework\6\1\проект35\x64\debug\проект35.tlog\cl.read.1.tlog
c:\users\михаил\documents\visual studio 2015\projects\homework\6\1\проект35\x64\debug\проект35.tlog\cl.write.1.tlog
c:\users\михаил\documents\visual studio 2015\projects\homework\6\1\проект35\x64\debug\проект35.tlog\link.14144-cvtres.read.1.tlog
c:\users\михаил\documents\visual studio 2015\projects\homework\6\1\проект35\x64\debug\проект35.tlog\link.14144-cvtres.write.1.tlog
c:\users\михаил\documents\visual studio 2015\projects\homework\6\1\проект35\x64\debug\проект35.tlog\link.14144-rc.read.1.tlog
c:\users\михаил\documents\visual studio 2015\projects\homework\6\1\проект35\x64\debug\проект35.tlog\link.14144-rc.write.1.tlog
c:\users\михаил\documents\visual studio 2015\projects\homework\6\1\проект35\x64\debug\проект35.tlog\link.14144.read.1.tlog
c:\users\михаил\documents\visual studio 2015\projects\homework\6\1\проект35\x64\debug\проект35.tlog\link.14144.write.1.tlog
c:\users\михаил\documents\visual studio 2015\projects\homework\6\1\проект35\x64\debug\проект35.tlog\link.command.1.tlog
c:\users\михаил\documents\visual studio 2015\projects\homework\6\1\проект35\x64\debug\проект35.tlog\link.read.1.tlog
c:\users\михаил\documents\visual studio 2015\projects\homework\6\1\проект35\x64\debug\проект35.tlog\link.write.1.tlog
